
                  GEANT-CALOR INTERFACE V 1.05/04 Output File
                  ===========================================

        GEANT Material Parameters                MICAP Material Parameters
        -------------------------                -------------------------
 Material                No/Iso    A     Z  |    A     Z   Density   Coll.Len
--------------------------------------------+---------------------------------
 Air.................     1/ 1   14.0    7  |  14.0    7  0.4040E-04 0.106E+05
                          1/ 2   16.0    8  |  16.0    8  0.9524E-05 0.128E+05
                          1/ 3   40.0   18  |  39.9   18  0.1816E-06 0.259E+07
 Lead................     2/ 1  207.2   82  | 207.2   82  0.3299E-01 0.691E+01
 Iron................     3/ 1   55.8   26  |  55.8   26  0.8486E-01 0.228E+01
 NaIn................     4/ 1   23.0   11  |  23.0   11  0.1474E-01 0.214E+02
                          4/ 2  126.9   53  | 126.9   53  0.1474E-01 0.974E+01
 CsIn................     5/ 1  132.9   55  | 132.9   55  0.1045E-01 0.145E+02
                          5/ 2  126.9   53  | 126.9   53  0.1045E-01 0.137E+02
 Aluminum............     6/ 1   27.0   13  |  27.0   13  0.6027E-01 0.701E+01
 Silicon.............     7/ 1   28.1   14  |  28.1   14  0.4995E-01 0.451E+01
 Copper..............     8/ 1   63.5   29  |  64.1   29  0.8492E-01 0.347E+01
 Mylar...............     9/ 1   12.0    6  |  12.0    6  0.4378E-01 0.875E+01
                          9/ 2    1.0    1  |   1.0    1  0.3502E-01 0.659E+01
                          9/ 3   16.0    8  |  16.0    8  0.1751E-01 0.695E+01
 HeliumGas...........    10/ 1    4.0    2  |   4.0    2  0.1882E-04 0.757E+04
 DCHGas..............    11/ 1   39.9   18  |  39.9   18  0.1226E-04 0.383E+05
                         11/ 2   12.0    6  |  12.0    6  0.2783E-05 0.138E+06
                         11/ 3   16.0    8  |  16.0    8  0.5567E-05 0.219E+05
 plasticForTOF.......    12/ 1   12.0    6  |  12.0    6  0.4733E-01 0.809E+01
                         12/ 2    1.0    1  |   1.0    1  0.5259E-01 0.439E+01
 plasticFormTOF......    13/ 1   12.0    6  |  12.0    6  0.4733E-01 0.809E+01
                         13/ 2    1.0    1  |   1.0    1  0.5259E-01 0.439E+01
 plasticForGFI.......    15/ 1   12.0    6  |  12.0    6  0.4733E-01 0.809E+01
                         15/ 2    1.0    1  |   1.0    1  0.5259E-01 0.439E+01
------------------------------------------------------------------------------
                                                Density in (Atoms/barn/cm)
                                    Collision Length for 1 MeV neutron in (cm)


                    USED NEUTRON CROSS-SECTION FILES
                    --------------------------------

 File      : /misc/cbmsoft/Etch32/feb11/fairsoft/transport/geant3/data/xsneut.d
 Generated : Wed Nov 24 16:18:19 1999
 Comment   : MICAP neutron cross-section file. TOL=2.0% ANG=2.0%   C.Zeitnitz  


 MICAP :    788110 words used in GCBANK for neutron x-section tables

